# JRE version: Java(TM) SE Runtime Environment (8.0_201-b09) (build 1.8.0_201-b09)
# Java VM: Java HotSpot(TM) 64-Bit Server VM (25.201-b09 mixed mode linux-amd64 compressed oops)
Heap:
 PSYoungGen      total 36864K, used 30299K [0x00000000d7300000, 0x00000000dbb00000, 0x0000000100000000)
  eden space 31744K, 95% used [0x00000000d7300000,0x00000000d9096c38,0x00000000d9200000)
  from space 5120K, 0% used [0x00000000d9200000,0x00000000d9200000,0x00000000d9700000)
  to   space 5120K, 0% used [0x00000000db600000,0x00000000db600000,0x00000000dbb00000)
 ParOldGen       total 57344K, used 6869K [0x0000000085800000, 0x0000000089000000, 0x00000000d7300000)
  object space 57344K, 11% used [0x0000000085800000,0x0000000085eb57a8,0x0000000089000000)
 Metaspace       used 24432K, capacity 25804K, committed 25856K, reserved 1071104K
  class space    used 3337K, capacity 3583K, committed 3584K, reserved 1048576K
GC Heap History (8 events):
Event: 0,865 GC heap before
{Heap before GC invocations=1 (full 0):
 PSYoungGen      total 36864K, used 31744K [0x00000000d7300000, 0x00000000d9c00000, 0x0000000100000000)
  eden space 31744K, 100% used [0x00000000d7300000,0x00000000d9200000,0x00000000d9200000)
  from space 5120K, 0% used [0x00000000d9700000,0x00000000d9700000,0x00000000d9c00000)
  to   space 5120K, 0% used [0x00000000d9200000,0x00000000d9200000,0x00000000d9700000)
 ParOldGen       total 84992K, used 0K [0x0000000085800000, 0x000000008ab00000, 0x00000000d7300000)
  object space 84992K, 0% used [0x0000000085800000,0x0000000085800000,0x000000008ab00000)
 Metaspace       used 11209K, capacity 11670K, committed 11904K, reserved 1058816K
  class space    used 1431K, capacity 1580K, committed 1664K, reserved 1048576K
Event: 0,871 GC heap after
Heap after GC invocations=1 (full 0):
 PSYoungGen      total 36864K, used 3549K [0x00000000d7300000, 0x00000000d9c00000, 0x0000000100000000)
  eden space 31744K, 0% used [0x00000000d7300000,0x00000000d7300000,0x00000000d9200000)
  from space 5120K, 69% used [0x00000000d9200000,0x00000000d9577560,0x00000000d9700000)
  to   space 5120K, 0% used [0x00000000d9700000,0x00000000d9700000,0x00000000d9c00000)
 ParOldGen       total 84992K, used 80K [0x0000000085800000, 0x000000008ab00000, 0x00000000d7300000)
  object space 84992K, 0% used [0x0000000085800000,0x0000000085814010,0x000000008ab00000)
 Metaspace       used 11209K, capacity 11670K, committed 11904K, reserved 1058816K
  class space    used 1431K, capacity 1580K, committed 1664K, reserved 1048576K
}
Event: 1,410 GC heap before
{Heap before GC invocations=2 (full 0):
 PSYoungGen      total 36864K, used 35293K [0x00000000d7300000, 0x00000000d9c00000, 0x0000000100000000)
  eden space 31744K, 100% used [0x00000000d7300000,0x00000000d9200000,0x00000000d9200000)
  from space 5120K, 69% used [0x00000000d9200000,0x00000000d9577560,0x00000000d9700000)
  to   space 5120K, 0% used [0x00000000d9700000,0x00000000d9700000,0x00000000d9c00000)
 ParOldGen       total 84992K, used 80K [0x0000000085800000, 0x000000008ab00000, 0x00000000d7300000)
  object space 84992K, 0% used [0x0000000085800000,0x0000000085814010,0x000000008ab00000)
 Metaspace       used 17655K, capacity 18152K, committed 18304K, reserved 1064960K
  class space    used 2295K, capacity 2429K, committed 2432K, reserved 1048576K
Event: 1,419 GC heap after
Heap after GC invocations=2 (full 0):
 PSYoungGen      total 36864K, used 5088K [0x00000000d7300000, 0x00000000dbb00000, 0x0000000100000000)
  eden space 31744K, 0% used [0x00000000d7300000,0x00000000d7300000,0x00000000d9200000)
  from space 5120K, 99% used [0x00000000d9700000,0x00000000d9bf8050,0x00000000d9c00000)
  to   space 5120K, 0% used [0x00000000d9200000,0x00000000d9200000,0x00000000d9700000)
 ParOldGen       total 84992K, used 2851K [0x0000000085800000, 0x000000008ab00000, 0x00000000d7300000)
  object space 84992K, 3% used [0x0000000085800000,0x0000000085ac8f30,0x000000008ab00000)
 Metaspace       used 17655K, capacity 18152K, committed 18304K, reserved 1064960K
  class space    used 2295K, capacity 2429K, committed 2432K, reserved 1048576K
}
Event: 1,685 GC heap before
{Heap before GC invocations=3 (full 0):
 PSYoungGen      total 36864K, used 17237K [0x00000000d7300000, 0x00000000dbb00000, 0x0000000100000000)
  eden space 31744K, 38% used [0x00000000d7300000,0x00000000d7edd3c0,0x00000000d9200000)
  from space 5120K, 99% used [0x00000000d9700000,0x00000000d9bf8050,0x00000000d9c00000)
  to   space 5120K, 0% used [0x00000000d9200000,0x00000000d9200000,0x00000000d9700000)
 ParOldGen       total 84992K, used 2851K [0x0000000085800000, 0x000000008ab00000, 0x00000000d7300000)
  object space 84992K, 3% used [0x0000000085800000,0x0000000085ac8f30,0x000000008ab00000)
 Metaspace       used 20342K, capacity 21228K, committed 21248K, reserved 1067008K
  class space    used 2858K, capacity 3059K, committed 3072K, reserved 1048576K
Event: 1,695 GC heap after
Heap after GC invocations=3 (full 0):
 PSYoungGen      total 36864K, used 5088K [0x00000000d7300000, 0x00000000dbb00000, 0x0000000100000000)
  eden space 31744K, 0% used [0x00000000d7300000,0x00000000d7300000,0x00000000d9200000)
  from space 5120K, 99% used [0x00000000d9200000,0x00000000d96f8060,0x00000000d9700000)
  to   space 5120K, 0% used [0x00000000db600000,0x00000000db600000,0x00000000dbb00000)
 ParOldGen       total 84992K, used 4178K [0x0000000085800000, 0x000000008ab00000, 0x00000000d7300000)
  object space 84992K, 4% used [0x0000000085800000,0x0000000085c14880,0x000000008ab00000)
 Metaspace       used 20342K, capacity 21228K, committed 21248K, reserved 1067008K
  class space    used 2858K, capacity 3059K, committed 3072K, reserved 1048576K
}
Event: 1,695 GC heap before
{Heap before GC invocations=4 (full 1):
 PSYoungGen      total 36864K, used 5088K [0x00000000d7300000, 0x00000000dbb00000, 0x0000000100000000)
  eden space 31744K, 0% used [0x00000000d7300000,0x00000000d7300000,0x00000000d9200000)
  from space 5120K, 99% used [0x00000000d9200000,0x00000000d96f8060,0x00000000d9700000)
  to   space 5120K, 0% used [0x00000000db600000,0x00000000db600000,0x00000000dbb00000)
 ParOldGen       total 84992K, used 4178K [0x0000000085800000, 0x000000008ab00000, 0x00000000d7300000)
  object space 84992K, 4% used [0x0000000085800000,0x0000000085c14880,0x000000008ab00000)
 Metaspace       used 20342K, capacity 21228K, committed 21248K, reserved 1067008K
  class space    used 2858K, capacity 3059K, committed 3072K, reserved 1048576K
Event: 1,727 GC heap after
Heap after GC invocations=4 (full 1):
 PSYoungGen      total 36864K, used 0K [0x00000000d7300000, 0x00000000dbb00000, 0x0000000100000000)
  eden space 31744K, 0% used [0x00000000d7300000,0x00000000d7300000,0x00000000d9200000)
  from space 5120K, 0% used [0x00000000d9200000,0x00000000d9200000,0x00000000d9700000)
  to   space 5120K, 0% used [0x00000000db600000,0x00000000db600000,0x00000000dbb00000)
 ParOldGen       total 57344K, used 6869K [0x0000000085800000, 0x0000000089000000, 0x00000000d7300000)
  object space 57344K, 11% used [0x0000000085800000,0x0000000085eb57a8,0x0000000089000000)
 Metaspace       used 20342K, capacity 21228K, committed 21248K, reserved 1067008K
  class space    used 2858K, capacity 3059K, committed 3072K, reserved 1048576K
}

