# JRE version: Java(TM) SE Runtime Environment (8.0_201-b09) (build 1.8.0_201-b09)
# Java VM: Java HotSpot(TM) 64-Bit Server VM (25.201-b09 mixed mode linux-amd64 compressed oops)
Heap:
 PSYoungGen      total 36864K, used 28540K [0x00000000d7300000, 0x00000000dbb00000, 0x0000000100000000)
  eden space 31744K, 89% used [0x00000000d7300000,0x00000000d8edf1a0,0x00000000d9200000)
  from space 5120K, 0% used [0x00000000d9200000,0x00000000d9200000,0x00000000d9700000)
  to   space 5120K, 0% used [0x00000000db600000,0x00000000db600000,0x00000000dbb00000)
 ParOldGen       total 66048K, used 8435K [0x0000000085800000, 0x0000000089880000, 0x00000000d7300000)
  object space 66048K, 12% used [0x0000000085800000,0x000000008603ce90,0x0000000089880000)
 Metaspace       used 25322K, capacity 26886K, committed 27136K, reserved 1073152K
  class space    used 3509K, capacity 3800K, committed 3840K, reserved 1048576K
GC Heap History (8 events):
Event: 0,703 GC heap before
{Heap before GC invocations=1 (full 0):
 PSYoungGen      total 36864K, used 31744K [0x00000000d7300000, 0x00000000d9c00000, 0x0000000100000000)
  eden space 31744K, 100% used [0x00000000d7300000,0x00000000d9200000,0x00000000d9200000)
  from space 5120K, 0% used [0x00000000d9700000,0x00000000d9700000,0x00000000d9c00000)
  to   space 5120K, 0% used [0x00000000d9200000,0x00000000d9200000,0x00000000d9700000)
 ParOldGen       total 84992K, used 0K [0x0000000085800000, 0x000000008ab00000, 0x00000000d7300000)
  object space 84992K, 0% used [0x0000000085800000,0x0000000085800000,0x000000008ab00000)
 Metaspace       used 12409K, capacity 12992K, committed 13184K, reserved 1060864K
  class space    used 1723K, capacity 1889K, committed 1920K, reserved 1048576K
Event: 0,708 GC heap after
Heap after GC invocations=1 (full 0):
 PSYoungGen      total 36864K, used 4000K [0x00000000d7300000, 0x00000000d9c00000, 0x0000000100000000)
  eden space 31744K, 0% used [0x00000000d7300000,0x00000000d7300000,0x00000000d9200000)
  from space 5120K, 78% used [0x00000000d9200000,0x00000000d95e8020,0x00000000d9700000)
  to   space 5120K, 0% used [0x00000000d9700000,0x00000000d9700000,0x00000000d9c00000)
 ParOldGen       total 84992K, used 80K [0x0000000085800000, 0x000000008ab00000, 0x00000000d7300000)
  object space 84992K, 0% used [0x0000000085800000,0x0000000085814010,0x000000008ab00000)
 Metaspace       used 12409K, capacity 12992K, committed 13184K, reserved 1060864K
  class space    used 1723K, capacity 1889K, committed 1920K, reserved 1048576K
}
Event: 1,196 GC heap before
{Heap before GC invocations=2 (full 0):
 PSYoungGen      total 36864K, used 35744K [0x00000000d7300000, 0x00000000d9c00000, 0x0000000100000000)
  eden space 31744K, 100% used [0x00000000d7300000,0x00000000d9200000,0x00000000d9200000)
  from space 5120K, 78% used [0x00000000d9200000,0x00000000d95e8020,0x00000000d9700000)
  to   space 5120K, 0% used [0x00000000d9700000,0x00000000d9700000,0x00000000d9c00000)
 ParOldGen       total 84992K, used 80K [0x0000000085800000, 0x000000008ab00000, 0x00000000d7300000)
  object space 84992K, 0% used [0x0000000085800000,0x0000000085814010,0x000000008ab00000)
 Metaspace       used 19167K, capacity 19760K, committed 19840K, reserved 1067008K
  class space    used 2537K, capacity 2685K, committed 2688K, reserved 1048576K
Event: 1,211 GC heap after
Heap after GC invocations=2 (full 0):
 PSYoungGen      total 36864K, used 5119K [0x00000000d7300000, 0x00000000dbb00000, 0x0000000100000000)
  eden space 31744K, 0% used [0x00000000d7300000,0x00000000d7300000,0x00000000d9200000)
  from space 5120K, 99% used [0x00000000d9700000,0x00000000d9bffca0,0x00000000d9c00000)
  to   space 5120K, 0% used [0x00000000d9200000,0x00000000d9200000,0x00000000d9700000)
 ParOldGen       total 84992K, used 4653K [0x0000000085800000, 0x000000008ab00000, 0x00000000d7300000)
  object space 84992K, 5% used [0x0000000085800000,0x0000000085c8b6a8,0x000000008ab00000)
 Metaspace       used 19167K, capacity 19760K, committed 19840K, reserved 1067008K
  class space    used 2537K, capacity 2685K, committed 2688K, reserved 1048576K
}
Event: 1,394 GC heap before
{Heap before GC invocations=3 (full 0):
 PSYoungGen      total 36864K, used 13385K [0x00000000d7300000, 0x00000000dbb00000, 0x0000000100000000)
  eden space 31744K, 26% used [0x00000000d7300000,0x00000000d7b12860,0x00000000d9200000)
  from space 5120K, 99% used [0x00000000d9700000,0x00000000d9bffca0,0x00000000d9c00000)
  to   space 5120K, 0% used [0x00000000d9200000,0x00000000d9200000,0x00000000d9700000)
 ParOldGen       total 84992K, used 4653K [0x0000000085800000, 0x000000008ab00000, 0x00000000d7300000)
  object space 84992K, 5% used [0x0000000085800000,0x0000000085c8b6a8,0x000000008ab00000)
 Metaspace       used 20405K, capacity 21134K, committed 21296K, reserved 1067008K
  class space    used 2781K, capacity 2954K, committed 3072K, reserved 1048576K
Event: 1,399 GC heap after
Heap after GC invocations=3 (full 0):
 PSYoungGen      total 36864K, used 5104K [0x00000000d7300000, 0x00000000dbb00000, 0x0000000100000000)
  eden space 31744K, 0% used [0x00000000d7300000,0x00000000d7300000,0x00000000d9200000)
  from space 5120K, 99% used [0x00000000d9200000,0x00000000d96fc0a0,0x00000000d9700000)
  to   space 5120K, 0% used [0x00000000db600000,0x00000000db600000,0x00000000dbb00000)
 ParOldGen       total 84992K, used 5933K [0x0000000085800000, 0x000000008ab00000, 0x00000000d7300000)
  object space 84992K, 6% used [0x0000000085800000,0x0000000085dcb6a8,0x000000008ab00000)
 Metaspace       used 20405K, capacity 21134K, committed 21296K, reserved 1067008K
  class space    used 2781K, capacity 2954K, committed 3072K, reserved 1048576K
}
Event: 1,399 GC heap before
{Heap before GC invocations=4 (full 1):
 PSYoungGen      total 36864K, used 5104K [0x00000000d7300000, 0x00000000dbb00000, 0x0000000100000000)
  eden space 31744K, 0% used [0x00000000d7300000,0x00000000d7300000,0x00000000d9200000)
  from space 5120K, 99% used [0x00000000d9200000,0x00000000d96fc0a0,0x00000000d9700000)
  to   space 5120K, 0% used [0x00000000db600000,0x00000000db600000,0x00000000dbb00000)
 ParOldGen       total 84992K, used 5933K [0x0000000085800000, 0x000000008ab00000, 0x00000000d7300000)
  object space 84992K, 6% used [0x0000000085800000,0x0000000085dcb6a8,0x000000008ab00000)
 Metaspace       used 20405K, capacity 21134K, committed 21296K, reserved 1067008K
  class space    used 2781K, capacity 2954K, committed 3072K, reserved 1048576K
Event: 1,450 GC heap after
Heap after GC invocations=4 (full 1):
 PSYoungGen      total 36864K, used 0K [0x00000000d7300000, 0x00000000dbb00000, 0x0000000100000000)
  eden space 31744K, 0% used [0x00000000d7300000,0x00000000d7300000,0x00000000d9200000)
  from space 5120K, 0% used [0x00000000d9200000,0x00000000d9200000,0x00000000d9700000)
  to   space 5120K, 0% used [0x00000000db600000,0x00000000db600000,0x00000000dbb00000)
 ParOldGen       total 66048K, used 8435K [0x0000000085800000, 0x0000000089880000, 0x00000000d7300000)
  object space 66048K, 12% used [0x0000000085800000,0x000000008603ce90,0x0000000089880000)
 Metaspace       used 20405K, capacity 21134K, committed 21296K, reserved 1067008K
  class space    used 2781K, capacity 2954K, committed 3072K, reserved 1048576K
}

